<?xml version="1.0" encoding="UTF-8"?>
<testng-results skipped="0" failed="0" total="1" passed="1">
  <reporter-output>
  </reporter-output>
  <suite name="Default suite" duration-ms="20400" started-at="2016-02-22T14:40:59Z" finished-at="2016-02-22T14:41:19Z">
    <groups>
    </groups>
    <test name="Default test" duration-ms="20400" started-at="2016-02-22T14:40:59Z" finished-at="2016-02-22T14:41:19Z">
      <class name="com.appium.learn.Donna">
        <test-method status="PASS" signature="testApp()[pri:0, instance:com.appium.learn.Donna@6f79caec]" name="testApp" is-config="true" duration-ms="6860" started-at="2016-02-22T20:10:59Z" finished-at="2016-02-22T20:11:06Z">
          <reporter-output>
          </reporter-output>
        </test-method> <!-- testApp -->
        <test-method status="PASS" signature="uidisplay()[pri:0, instance:com.appium.learn.Donna@6f79caec]" name="uidisplay" duration-ms="13512" started-at="2016-02-22T20:11:06Z" finished-at="2016-02-22T20:11:19Z">
          <reporter-output>
          </reporter-output>
        </test-method> <!-- uidisplay -->
      </class> <!-- com.appium.learn.Donna -->
    </test> <!-- Default test -->
  </suite> <!-- Default suite -->
</testng-results>
